2020-25-04 04:17:55 INFO     [apscheduler.scheduler.add_job] Adding job tentatively -- it will be properly scheduled when the scheduler starts
2020-25-04 04:17:55 INFO     [apscheduler.scheduler.add_job] Adding job tentatively -- it will be properly scheduled when the scheduler starts
2020-25-04 04:17:55 INFO     [apscheduler.scheduler._real_add_job] Added job "Train" to job store "default"
2020-25-04 04:17:55 INFO     [apscheduler.scheduler._real_add_job] Added job "Copy" to job store "default"
2020-25-04 04:17:55 INFO     [apscheduler.scheduler.start] Scheduler started
2020-25-04 04:21:40 INFO     [apscheduler.scheduler.add_job] Adding job tentatively -- it will be properly scheduled when the scheduler starts
2020-25-04 04:21:40 INFO     [apscheduler.scheduler.add_job] Adding job tentatively -- it will be properly scheduled when the scheduler starts
2020-25-04 04:21:40 INFO     [apscheduler.scheduler._real_add_job] Added job "Train" to job store "default"
2020-25-04 04:21:40 INFO     [apscheduler.scheduler._real_add_job] Added job "Copy" to job store "default"
2020-25-04 04:21:40 INFO     [apscheduler.scheduler.start] Scheduler started
2020-25-04 04:23:00 INFO     [apscheduler.executors.default.run_job] Running job "Train (trigger: cron[hour='4', minute='23,28,35'], next run at: 2020-04-25 04:28:00 UTC)" (scheduled at 2020-04-25 04:23:00+00:00)
2020-25-04 04:23:00 INFO     [__main__.Train] Invoke to Madcalculator
2020-25-04 04:23:01 INFO     [Infraestructure.Services.NewRecord.Consulta] Se realizo la consulta : 24/04/20 20:59
2020-25-04 04:23:01 INFO     [Infraestructure.Services.NewRecord.Consulta]   depto  confirmados  decesos  descartados  recuperados  sospechosos  total       fecha  activos
0    BN           33        1           53            0           40    127  2020-04-24       32
1    CB           70        6          900           13            0    989  2020-04-24       51
2    CH            2        0          115            0            3    120  2020-04-24        2
3    LP          155       14         1168           13            4   1354  2020-04-24      128
4    OR           65        2          258            8            0    333  2020-04-24       55
5    PN           12        1           71            6            2     92  2020-04-24        5
6    PT           21        1          103            0           11    136  2020-04-24       20
7    SC          446       19         1786           14            0   2265  2020-04-24      413
8    TJ            3        0           36            0            7     46  2020-04-24        3
2020-25-04 04:23:01 INFO     [Infraestructure.Services.NewRecord.Consulta] confirmados           807
decesos                44
descartados          4490
recuperados            54
sospechosos            67
total                5462
fecha          2020-04-24
depto                 BOL
activos               709
dtype: object
